0 verbose cli /data/data/com.termux/files/usr/bin/node /data/data/com.termux/files/usr/bin/npm
1 info using npm@11.4.2
2 info using node@v24.3.0
3 silly config load:file:/data/data/com.termux/files/usr/lib/node_modules/npm/npmrc
4 silly config load:file:/data/data/com.termux/files/home/.npmrc
5 silly config load:file:/data/data/com.termux/files/usr/etc/npmrc
6 verbose title npm install axios
7 verbose argv "install" "axios"
8 verbose logfile logs-max:10 dir:/data/data/com.termux/files/home/.npm/_logs/2025-07-08T18_26_11_690Z-
9 verbose logfile /data/data/com.termux/files/home/.npm/_logs/2025-07-08T18_26_11_690Z-debug-0.log
10 silly logfile done cleaning log files
11 silly packumentCache heap:1065353216 maxSize:266338304 maxEntrySize:133169152
12 silly idealTree buildDeps
13 silly fetch manifest axios@*
14 silly packumentCache full:https://registry.npmjs.org/axios cache-miss
15 http fetch GET 200 https://registry.npmjs.org/axios 774ms (cache miss)
16 silly packumentCache full:https://registry.npmjs.org/axios set size:undefined disposed:false
17 silly placeDep ROOT axios@1.10.0 OK for:  want: *
18 silly fetch manifest follow-redirects@^1.15.6
19 silly packumentCache full:https://registry.npmjs.org/follow-redirects cache-miss
20 silly fetch manifest form-data@^4.0.0
21 silly packumentCache full:https://registry.npmjs.org/form-data cache-miss
22 silly fetch manifest proxy-from-env@^1.1.0
23 silly packumentCache full:https://registry.npmjs.org/proxy-from-env cache-miss
24 http fetch GET 200 https://registry.npmjs.org/follow-redirects 512ms (cache miss)
25 silly packumentCache full:https://registry.npmjs.org/follow-redirects set size:undefined disposed:false
26 http fetch GET 200 https://registry.npmjs.org/proxy-from-env 972ms (cache miss)
27 silly packumentCache full:https://registry.npmjs.org/proxy-from-env set size:undefined disposed:false
28 http fetch GET 200 https://registry.npmjs.org/form-data 998ms (cache miss)
29 silly packumentCache full:https://registry.npmjs.org/form-data set size:undefined disposed:false
30 silly placeDep ROOT follow-redirects@1.15.9 OK for: axios@1.10.0 want: ^1.15.6
31 silly placeDep ROOT form-data@4.0.3 OK for: axios@1.10.0 want: ^4.0.0
32 silly placeDep ROOT proxy-from-env@1.1.0 OK for: axios@1.10.0 want: ^1.1.0
33 silly fetch manifest asynckit@^0.4.0
34 silly packumentCache full:https://registry.npmjs.org/asynckit cache-miss
35 silly fetch manifest combined-stream@^1.0.8
36 silly packumentCache full:https://registry.npmjs.org/combined-stream cache-miss
37 silly fetch manifest es-set-tostringtag@^2.1.0
38 silly packumentCache full:https://registry.npmjs.org/es-set-tostringtag cache-miss
39 silly fetch manifest hasown@^2.0.2
40 silly packumentCache full:https://registry.npmjs.org/hasown cache-miss
41 silly fetch manifest mime-types@^2.1.12
42 silly packumentCache full:https://registry.npmjs.org/mime-types cache-miss
43 http fetch GET 200 https://registry.npmjs.org/asynckit 402ms (cache miss)
44 silly packumentCache full:https://registry.npmjs.org/asynckit set size:undefined disposed:false
45 http fetch GET 200 https://registry.npmjs.org/combined-stream 405ms (cache miss)
46 silly packumentCache full:https://registry.npmjs.org/combined-stream set size:undefined disposed:false
47 http fetch GET 200 https://registry.npmjs.org/es-set-tostringtag 410ms (cache miss)
48 silly packumentCache full:https://registry.npmjs.org/es-set-tostringtag set size:undefined disposed:false
49 http fetch GET 200 https://registry.npmjs.org/hasown 538ms (cache miss)
50 silly packumentCache full:https://registry.npmjs.org/hasown set size:undefined disposed:false
51 http fetch GET 200 https://registry.npmjs.org/mime-types 852ms (cache miss)
52 silly packumentCache full:https://registry.npmjs.org/mime-types set size:undefined disposed:false
53 silly placeDep ROOT asynckit@0.4.0 OK for: form-data@4.0.3 want: ^0.4.0
54 silly placeDep ROOT combined-stream@1.0.8 OK for: form-data@4.0.3 want: ^1.0.8
55 silly placeDep ROOT es-set-tostringtag@2.1.0 OK for: form-data@4.0.3 want: ^2.1.0
56 silly placeDep ROOT hasown@2.0.2 OK for: form-data@4.0.3 want: ^2.0.2
57 silly placeDep ROOT mime-types@2.1.35 OK for: form-data@4.0.3 want: ^2.1.12
58 silly fetch manifest delayed-stream@~1.0.0
59 silly packumentCache full:https://registry.npmjs.org/delayed-stream cache-miss
60 silly fetch manifest es-errors@^1.3.0
61 silly packumentCache full:https://registry.npmjs.org/es-errors cache-miss
62 silly fetch manifest get-intrinsic@^1.2.6
63 silly packumentCache full:https://registry.npmjs.org/get-intrinsic cache-miss
64 silly fetch manifest has-tostringtag@^1.0.2
65 silly packumentCache full:https://registry.npmjs.org/has-tostringtag cache-miss
66 silly fetch manifest function-bind@^1.1.2
67 silly packumentCache full:https://registry.npmjs.org/function-bind cache-miss
68 silly fetch manifest mime-db@1.52.0
69 silly packumentCache full:https://registry.npmjs.org/mime-db cache-miss
70 http fetch GET 200 https://registry.npmjs.org/delayed-stream 126ms (cache miss)
71 silly packumentCache full:https://registry.npmjs.org/delayed-stream set size:undefined disposed:false
72 http fetch GET 200 https://registry.npmjs.org/has-tostringtag 124ms (cache miss)
73 silly packumentCache full:https://registry.npmjs.org/has-tostringtag set size:undefined disposed:false
74 http fetch GET 200 https://registry.npmjs.org/es-errors 131ms (cache miss)
75 silly packumentCache full:https://registry.npmjs.org/es-errors set size:undefined disposed:false
76 http fetch GET 200 https://registry.npmjs.org/function-bind 139ms (cache miss)
77 silly packumentCache full:https://registry.npmjs.org/function-bind set size:undefined disposed:false
78 http fetch GET 200 https://registry.npmjs.org/get-intrinsic 149ms (cache miss)
79 silly packumentCache full:https://registry.npmjs.org/get-intrinsic set size:undefined disposed:false
80 http fetch GET 200 https://registry.npmjs.org/mime-db 281ms (cache miss)
81 silly packumentCache full:https://registry.npmjs.org/mime-db set size:undefined disposed:false
82 silly placeDep ROOT delayed-stream@1.0.0 OK for: combined-stream@1.0.8 want: ~1.0.0
83 silly placeDep ROOT es-errors@1.3.0 OK for: es-set-tostringtag@2.1.0 want: ^1.3.0
84 silly placeDep ROOT get-intrinsic@1.3.0 OK for: es-set-tostringtag@2.1.0 want: ^1.2.6
85 silly placeDep ROOT has-tostringtag@1.0.2 OK for: es-set-tostringtag@2.1.0 want: ^1.0.2
86 silly fetch manifest call-bind-apply-helpers@^1.0.2
87 silly packumentCache full:https://registry.npmjs.org/call-bind-apply-helpers cache-miss
88 silly fetch manifest es-define-property@^1.0.1
89 silly packumentCache full:https://registry.npmjs.org/es-define-property cache-miss
90 silly fetch manifest es-object-atoms@^1.1.1
91 silly packumentCache full:https://registry.npmjs.org/es-object-atoms cache-miss
92 silly fetch manifest get-proto@^1.0.1
93 silly packumentCache full:https://registry.npmjs.org/get-proto cache-miss
94 silly fetch manifest gopd@^1.2.0
95 silly packumentCache full:https://registry.npmjs.org/gopd cache-miss
96 silly fetch manifest has-symbols@^1.1.0
97 silly packumentCache full:https://registry.npmjs.org/has-symbols cache-miss
98 silly fetch manifest math-intrinsics@^1.1.0
99 silly packumentCache full:https://registry.npmjs.org/math-intrinsics cache-miss
100 http fetch GET 200 https://registry.npmjs.org/call-bind-apply-helpers 153ms (cache miss)
101 silly packumentCache full:https://registry.npmjs.org/call-bind-apply-helpers set size:undefined disposed:false
102 silly fetch manifest has-symbols@^1.0.3
103 silly packumentCache full:https://registry.npmjs.org/has-symbols cache-miss
104 http fetch GET 200 https://registry.npmjs.org/es-object-atoms 156ms (cache miss)
105 silly packumentCache full:https://registry.npmjs.org/es-object-atoms set size:undefined disposed:false
106 http fetch GET 200 https://registry.npmjs.org/es-define-property 165ms (cache miss)
107 silly packumentCache full:https://registry.npmjs.org/es-define-property set size:undefined disposed:false
108 http fetch GET 200 https://registry.npmjs.org/has-symbols 163ms (cache miss)
109 silly packumentCache full:https://registry.npmjs.org/has-symbols set size:undefined disposed:false
110 http fetch GET 200 https://registry.npmjs.org/get-proto 171ms (cache miss)
111 silly packumentCache full:https://registry.npmjs.org/get-proto set size:undefined disposed:false
112 http fetch GET 200 https://registry.npmjs.org/gopd 174ms (cache miss)
113 silly packumentCache full:https://registry.npmjs.org/gopd set size:undefined disposed:false
114 http fetch GET 200 https://registry.npmjs.org/has-symbols 100ms (cache miss)
115 silly packumentCache full:https://registry.npmjs.org/has-symbols set size:undefined disposed:false
116 http fetch GET 200 https://registry.npmjs.org/math-intrinsics 251ms (cache miss)
117 silly packumentCache full:https://registry.npmjs.org/math-intrinsics set size:undefined disposed:false
118 silly placeDep ROOT call-bind-apply-helpers@1.0.2 OK for: get-intrinsic@1.3.0 want: ^1.0.2
119 silly placeDep ROOT es-define-property@1.0.1 OK for: get-intrinsic@1.3.0 want: ^1.0.1
120 silly placeDep ROOT es-object-atoms@1.1.1 OK for: get-intrinsic@1.3.0 want: ^1.1.1
121 silly placeDep ROOT function-bind@1.1.2 OK for: get-intrinsic@1.3.0 want: ^1.1.2
122 silly placeDep ROOT get-proto@1.0.1 OK for: get-intrinsic@1.3.0 want: ^1.0.1
123 silly placeDep ROOT gopd@1.2.0 OK for: get-intrinsic@1.3.0 want: ^1.2.0
124 silly placeDep ROOT has-symbols@1.1.0 OK for: get-intrinsic@1.3.0 want: ^1.1.0
125 silly placeDep ROOT math-intrinsics@1.1.0 OK for: get-intrinsic@1.3.0 want: ^1.1.0
126 silly fetch manifest dunder-proto@^1.0.1
127 silly packumentCache full:https://registry.npmjs.org/dunder-proto cache-miss
128 http fetch GET 200 https://registry.npmjs.org/dunder-proto 66ms (cache miss)
129 silly packumentCache full:https://registry.npmjs.org/dunder-proto set size:undefined disposed:false
130 silly placeDep ROOT dunder-proto@1.0.1 OK for: get-proto@1.0.1 want: ^1.0.1
131 silly placeDep ROOT mime-db@1.52.0 OK for: mime-types@2.1.35 want: 1.52.0
132 silly reify moves {}
133 http cache mime-db@https://registry.npmjs.org/mime-db/-/mime-db-1.52.0.tgz 1ms (cache hit)
134 http cache dunder-proto@https://registry.npmjs.org/dunder-proto/-/dunder-proto-1.0.1.tgz 1ms (cache hit)
135 http cache math-intrinsics@https://registry.npmjs.org/math-intrinsics/-/math-intrinsics-1.1.0.tgz 0ms (cache hit)
136 http cache has-symbols@https://registry.npmjs.org/has-symbols/-/has-symbols-1.1.0.tgz 0ms (cache hit)
137 http cache gopd@https://registry.npmjs.org/gopd/-/gopd-1.2.0.tgz 0ms (cache hit)
138 http cache get-proto@https://registry.npmjs.org/get-proto/-/get-proto-1.0.1.tgz 0ms (cache hit)
139 http cache function-bind@https://registry.npmjs.org/function-bind/-/function-bind-1.1.2.tgz 0ms (cache hit)
140 http cache es-define-property@https://registry.npmjs.org/es-define-property/-/es-define-property-1.0.1.tgz 0ms (cache hit)
141 http cache es-object-atoms@https://registry.npmjs.org/es-object-atoms/-/es-object-atoms-1.1.1.tgz 0ms (cache hit)
142 http cache call-bind-apply-helpers@https://registry.npmjs.org/call-bind-apply-helpers/-/call-bind-apply-helpers-1.0.2.tgz 1ms (cache hit)
143 http cache has-tostringtag@https://registry.npmjs.org/has-tostringtag/-/has-tostringtag-1.0.2.tgz 0ms (cache hit)
144 http cache get-intrinsic@https://registry.npmjs.org/get-intrinsic/-/get-intrinsic-1.3.0.tgz 1ms (cache hit)
145 http cache es-errors@https://registry.npmjs.org/es-errors/-/es-errors-1.3.0.tgz 0ms (cache hit)
146 http cache delayed-stream@https://registry.npmjs.org/delayed-stream/-/delayed-stream-1.0.0.tgz 0ms (cache hit)
147 http cache mime-types@https://registry.npmjs.org/mime-types/-/mime-types-2.1.35.tgz 0ms (cache hit)
148 http cache hasown@https://registry.npmjs.org/hasown/-/hasown-2.0.2.tgz 0ms (cache hit)
149 http cache es-set-tostringtag@https://registry.npmjs.org/es-set-tostringtag/-/es-set-tostringtag-2.1.0.tgz 0ms (cache hit)
150 http cache combined-stream@https://registry.npmjs.org/combined-stream/-/combined-stream-1.0.8.tgz 0ms (cache hit)
151 http cache asynckit@https://registry.npmjs.org/asynckit/-/asynckit-0.4.0.tgz 0ms (cache hit)
152 http cache proxy-from-env@https://registry.npmjs.org/proxy-from-env/-/proxy-from-env-1.1.0.tgz 0ms (cache hit)
153 http cache form-data@https://registry.npmjs.org/form-data/-/form-data-4.0.3.tgz 0ms (cache hit)
154 http cache follow-redirects@https://registry.npmjs.org/follow-redirects/-/follow-redirects-1.15.9.tgz 0ms (cache hit)
155 http cache axios@https://registry.npmjs.org/axios/-/axios-1.10.0.tgz 0ms (cache hit)
156 silly tarball no local data for mime-db@https://registry.npmjs.org/mime-db/-/mime-db-1.52.0.tgz. Extracting by manifest.
157 silly tarball no local data for dunder-proto@https://registry.npmjs.org/dunder-proto/-/dunder-proto-1.0.1.tgz. Extracting by manifest.
158 silly tarball no local data for math-intrinsics@https://registry.npmjs.org/math-intrinsics/-/math-intrinsics-1.1.0.tgz. Extracting by manifest.
159 silly tarball no local data for has-symbols@https://registry.npmjs.org/has-symbols/-/has-symbols-1.1.0.tgz. Extracting by manifest.
160 silly tarball no local data for gopd@https://registry.npmjs.org/gopd/-/gopd-1.2.0.tgz. Extracting by manifest.
161 silly tarball no local data for get-proto@https://registry.npmjs.org/get-proto/-/get-proto-1.0.1.tgz. Extracting by manifest.
162 silly tarball no local data for function-bind@https://registry.npmjs.org/function-bind/-/function-bind-1.1.2.tgz. Extracting by manifest.
163 silly tarball no local data for es-define-property@https://registry.npmjs.org/es-define-property/-/es-define-property-1.0.1.tgz. Extracting by manifest.
164 silly tarball no local data for es-object-atoms@https://registry.npmjs.org/es-object-atoms/-/es-object-atoms-1.1.1.tgz. Extracting by manifest.
165 silly tarball no local data for call-bind-apply-helpers@https://registry.npmjs.org/call-bind-apply-helpers/-/call-bind-apply-helpers-1.0.2.tgz. Extracting by manifest.
166 silly tarball no local data for has-tostringtag@https://registry.npmjs.org/has-tostringtag/-/has-tostringtag-1.0.2.tgz. Extracting by manifest.
167 silly tarball no local data for get-intrinsic@https://registry.npmjs.org/get-intrinsic/-/get-intrinsic-1.3.0.tgz. Extracting by manifest.
168 silly tarball no local data for es-errors@https://registry.npmjs.org/es-errors/-/es-errors-1.3.0.tgz. Extracting by manifest.
169 silly tarball no local data for delayed-stream@https://registry.npmjs.org/delayed-stream/-/delayed-stream-1.0.0.tgz. Extracting by manifest.
170 silly tarball no local data for mime-types@https://registry.npmjs.org/mime-types/-/mime-types-2.1.35.tgz. Extracting by manifest.
171 silly tarball no local data for hasown@https://registry.npmjs.org/hasown/-/hasown-2.0.2.tgz. Extracting by manifest.
172 silly tarball no local data for es-set-tostringtag@https://registry.npmjs.org/es-set-tostringtag/-/es-set-tostringtag-2.1.0.tgz. Extracting by manifest.
173 silly tarball no local data for combined-stream@https://registry.npmjs.org/combined-stream/-/combined-stream-1.0.8.tgz. Extracting by manifest.
174 silly tarball no local data for asynckit@https://registry.npmjs.org/asynckit/-/asynckit-0.4.0.tgz. Extracting by manifest.
175 silly tarball no local data for proxy-from-env@https://registry.npmjs.org/proxy-from-env/-/proxy-from-env-1.1.0.tgz. Extracting by manifest.
176 silly tarball no local data for form-data@https://registry.npmjs.org/form-data/-/form-data-4.0.3.tgz. Extracting by manifest.
177 silly tarball no local data for follow-redirects@https://registry.npmjs.org/follow-redirects/-/follow-redirects-1.15.9.tgz. Extracting by manifest.
178 silly tarball no local data for axios@https://registry.npmjs.org/axios/-/axios-1.10.0.tgz. Extracting by manifest.
179 http fetch GET 200 https://registry.npmjs.org/hasown/-/hasown-2.0.2.tgz 556ms (cache miss)
180 http fetch GET 200 https://registry.npmjs.org/get-proto/-/get-proto-1.0.1.tgz 579ms (cache miss)
181 http fetch GET 200 https://registry.npmjs.org/mime-db/-/mime-db-1.52.0.tgz 596ms (cache miss)
182 http fetch GET 200 https://registry.npmjs.org/es-set-tostringtag/-/es-set-tostringtag-2.1.0.tgz 603ms (cache miss)
183 http fetch GET 200 https://registry.npmjs.org/gopd/-/gopd-1.2.0.tgz 629ms (cache miss)
184 http fetch GET 200 https://registry.npmjs.org/proxy-from-env/-/proxy-from-env-1.1.0.tgz 605ms (cache miss)
185 http fetch GET 200 https://registry.npmjs.org/combined-stream/-/combined-stream-1.0.8.tgz 619ms (cache miss)
186 http fetch GET 200 https://registry.npmjs.org/form-data/-/form-data-4.0.3.tgz 624ms (cache miss)
187 http fetch GET 200 https://registry.npmjs.org/has-symbols/-/has-symbols-1.1.0.tgz 659ms (cache miss)
188 http fetch GET 200 https://registry.npmjs.org/dunder-proto/-/dunder-proto-1.0.1.tgz 671ms (cache miss)
189 http fetch GET 200 https://registry.npmjs.org/function-bind/-/function-bind-1.1.2.tgz 664ms (cache miss)
190 http fetch GET 200 https://registry.npmjs.org/follow-redirects/-/follow-redirects-1.15.9.tgz 686ms (cache miss)
191 http fetch GET 200 https://registry.npmjs.org/asynckit/-/asynckit-0.4.0.tgz 905ms (cache miss)
192 http fetch GET 200 https://registry.npmjs.org/math-intrinsics/-/math-intrinsics-1.1.0.tgz 941ms (cache miss)
193 http fetch GET 200 https://registry.npmjs.org/es-object-atoms/-/es-object-atoms-1.1.1.tgz 952ms (cache miss)
194 http fetch GET 200 https://registry.npmjs.org/delayed-stream/-/delayed-stream-1.0.0.tgz 945ms (cache miss)
195 http fetch GET 200 https://registry.npmjs.org/mime-types/-/mime-types-2.1.35.tgz 945ms (cache miss)
196 http fetch GET 200 https://registry.npmjs.org/es-define-property/-/es-define-property-1.0.1.tgz 965ms (cache miss)
197 http fetch GET 200 https://registry.npmjs.org/es-errors/-/es-errors-1.3.0.tgz 977ms (cache miss)
198 http fetch GET 200 https://registry.npmjs.org/call-bind-apply-helpers/-/call-bind-apply-helpers-1.0.2.tgz 987ms (cache miss)
199 http fetch GET 200 https://registry.npmjs.org/has-tostringtag/-/has-tostringtag-1.0.2.tgz 986ms (cache miss)
200 http fetch GET 200 https://registry.npmjs.org/get-intrinsic/-/get-intrinsic-1.3.0.tgz 985ms (cache miss)
201 http fetch GET 200 https://registry.npmjs.org/axios/-/axios-1.10.0.tgz 1119ms (cache miss)
202 silly ADD node_modules/mime-db
203 silly ADD node_modules/dunder-proto
204 silly ADD node_modules/math-intrinsics
205 silly ADD node_modules/has-symbols
206 silly ADD node_modules/gopd
207 silly ADD node_modules/get-proto
208 silly ADD node_modules/function-bind
209 silly ADD node_modules/es-object-atoms
210 silly ADD node_modules/es-define-property
211 silly ADD node_modules/call-bind-apply-helpers
212 silly ADD node_modules/has-tostringtag
213 silly ADD node_modules/get-intrinsic
214 silly ADD node_modules/es-errors
215 silly ADD node_modules/delayed-stream
216 silly ADD node_modules/mime-types
217 silly ADD node_modules/hasown
218 silly ADD node_modules/es-set-tostringtag
219 silly ADD node_modules/combined-stream
220 silly ADD node_modules/asynckit
221 silly ADD node_modules/proxy-from-env
222 silly ADD node_modules/form-data
223 silly ADD node_modules/follow-redirects
224 silly ADD node_modules/axios
225 verbose cwd /data/data/com.termux/files/home
226 verbose os Linux 4.4.111-15668094
227 verbose node v24.3.0
228 verbose npm  v11.4.2
229 verbose exit 0
230 info ok
